
{"code":"12","message":"El sistema no esta autenticado.","level":"error","timestamp":"12:55:48"}
{"code":"07","message":"Contraseña del usuario incorrecta","level":"error","timestamp":"12:58:09"}
{"code":"07","message":"Contraseña del usuario incorrecta","level":"error","timestamp":"13:08:46"}
{"code":"07","message":"Contraseña del usuario incorrecta","level":"error","timestamp":"13:09:44"}
{"level":"info","message":"Método: POST Petición: /api/login","timestamp":"13:13:30"}
{"code":"07","message":"Contraseña del usuario incorrecta","level":"error","timestamp":"13:13:30"}
{"level":"info","message":"Método: POST Petición: /api/login","timestamp":"13:13:46"}
{"level":"info","message":"Método: POST Petición: /api/login","timestamp":"13:15:27"}
{"level":"info","message":"Método: POST Petición: /api/login","timestamp":"14:35:44"}
{"level":"info","message":"Método: POST Petición: /api/login","timestamp":"14:36:00"}
{"code":"07","message":"Contraseña del usuario incorrecta","level":"error","timestamp":"14:36:00"}
{"level":"info","message":"Método: POST Petición: /api/login","timestamp":"15:01:01"}
{"code":"07","message":"Contraseña del usuario incorrecta","level":"error","timestamp":"15:01:01"}
{"level":"info","message":"Método: POST Petición: /api/login","timestamp":"15:01:09"}
{"level":"info","message":"Método: POST Petición: /api/login","timestamp":"15:02:37"}
{"level":"info","message":"Método: POST Petición: /api/login","timestamp":"15:03:37"}
{"level":"info","message":"Método: POST Petición: /api/login","timestamp":"15:07:18"}
{"level":"info","message":"Método: POST Petición: /api/login","timestamp":"08:58:00"}
{"level":"info","message":"Método: POST Petición: /api/login","timestamp":"09:00:08"}
{"level":"info","message":"Método: POST Petición: /api/login","timestamp":"09:01:08"}
{"level":"info","message":"Método: POST Petición: /api/login","timestamp":"10:03:49"}
{"level":"info","message":"Método: POST Petición: /api/login","timestamp":"10:05:06"}
{"level":"info","message":"Método: POST Petición: /api/login","timestamp":"10:05:46"}
{"level":"info","message":"Método: POST Petición: /api/login","timestamp":"10:07:12"}
{"level":"info","message":"Método: POST Petición: /api/login","timestamp":"10:15:01"}
{"level":"info","message":"Método: POST Petición: /api/login","timestamp":"13:29:50"}
{"level":"info","message":"Método: POST Petición: /api/login","timestamp":"16:26:02"}
{"level":"info","message":"Método: POST Petición: /api/login","timestamp":"16:38:40"}

{"level":"info","message":"Método: POST Petición: /api/login","timestamp":"09:20:11"}
{"level":"info","message":"Método: POST Petición: /api/login","timestamp":"11:17:28"}
{"level":"info","message":"Método: POST Petición: /api/login","timestamp":"11:17:39"}
{"level":"info","message":"Método: POST Petición: /api/login","timestamp":"12:08:58"}
{"code":"07","message":"Contraseña del usuario incorrecta","level":"error","timestamp":"12:08:59"}
{"level":"info","message":"Método: POST Petición: /api/login","timestamp":"12:09:07"}
{"level":"info","message":"Método: POST Petición: /api/login","timestamp":"13:33:44"}
{"level":"info","message":"Método: POST Petición: /api/login","timestamp":"13:38:14"}
{"code":"02","message":"Nombre de usuario o contraseña del usuario no ingresados","level":"error","timestamp":"13:38:14"}
{"level":"info","message":"Método: POST Petición: /api/login","timestamp":"13:38:39"}
{"level":"info","message":"Método: POST Petición: /api/login","timestamp":"14:07:03"}
{"level":"info","message":"Método: POST Petición: /api/login","timestamp":"14:11:59"}
{"level":"info","message":"Método: POST Petición: /api/login","timestamp":"14:39:44"}
{"level":"info","message":"Método: POST Petición: /api/login","timestamp":"14:41:21"}
{"code":"02","message":"Nombre de usuario o contraseña del usuario no ingresados","level":"error","timestamp":"14:41:21"}
{"level":"info","message":"Método: POST Petición: /api/login","timestamp":"14:41:27"}
{"level":"info","message":"Método: POST Petición: /api/login","timestamp":"14:44:03"}
{"level":"info","message":"Método: POST Petición: /api/login","timestamp":"15:17:49"}
{"code":"09","message":"El usuario no se encuentra registrado","level":"error","timestamp":"15:17:49"}
{"level":"info","message":"Método: POST Petición: /api/login","timestamp":"15:17:58"}
{"code":"09","message":"El usuario no se encuentra registrado","level":"error","timestamp":"15:17:58"}
{"level":"info","message":"Método: POST Petición: /api/login","timestamp":"07:18:25"}
{"level":"info","message":"Método: POST Petición: /api/login","timestamp":"07:26:24"}
{"level":"info","message":"Método: POST Petición: /api/login","timestamp":"08:32:47"}
{"code":"07","message":"Contraseña del usuario incorrecta","level":"error","timestamp":"08:32:47"}
{"level":"info","message":"Método: POST Petición: /api/login","timestamp":"08:32:51"}
{"level":"info","message":"Método: POST Petición: /api/login","timestamp":"08:48:06"}
{"level":"info","message":"Método: POST Petición: /api/login","timestamp":"09:21:36"}
{"level":"info","message":"Método: POST Petición: /api/login","timestamp":"15:49:27"}

{"level":"info","message":"Método: POST Petición: /api/login","timestamp":"08:22:37"}
{"level":"info","message":"Método: POST Petición: /api/login","timestamp":"08:22:39"}
{"level":"info","message":"Método: POST Petición: /api/login","timestamp":"08:23:00"}
{"level":"info","message":"Método: POST Petición: /api/login","timestamp":"08:23:43"}
{"level":"info","message":"Método: POST Petición: /api/login","timestamp":"08:23:45"}
{"level":"info","message":"Método: POST Petición: /api/login","timestamp":"08:24:17"}
{"level":"info","message":"Método: POST Petición: /api/login","timestamp":"08:24:37"}
{"level":"info","message":"Método: POST Petición: /api/login","timestamp":"08:25:00"}
{"level":"info","message":"Método: POST Petición: /api/login","timestamp":"08:25:43"}
{"level":"info","message":"Método: POST Petición: /api/login","timestamp":"08:25:45"}
{"level":"info","message":"Método: POST Petición: /api/login","timestamp":"08:26:17"}
{"level":"info","message":"Método: POST Petición: /api/login","timestamp":"08:27:35"}
{"level":"info","message":"Método: POST Petición: /api/login","timestamp":"08:29:35"}
{"level":"info","message":"Método: POST Petición: /api/login","timestamp":"08:31:35"}
{"level":"info","message":"Método: POST Petición: /api/login","timestamp":"08:31:35"}
{"level":"info","message":"Método: POST Petición: /api/login","timestamp":"08:31:35"}
{"level":"info","message":"Método: POST Petición: /api/login","timestamp":"08:31:36"}
{"level":"info","message":"Método: POST Petición: /api/login","timestamp":"08:33:35"}
{"level":"info","message":"Método: POST Petición: /api/login","timestamp":"08:33:35"}
{"level":"info","message":"Método: POST Petición: /api/login","timestamp":"08:33:35"}
{"level":"info","message":"Método: POST Petición: /api/login","timestamp":"08:33:36"}
{"level":"info","message":"Método: POST Petición: /api/login","timestamp":"08:41:49"}
{"level":"info","message":"Método: POST Petición: /api/login","timestamp":"08:50:23"}
{"level":"info","message":"Método: POST Petición: /api/login","timestamp":"09:40:44"}
{"level":"info","message":"Método: POST Petición: /api/login","timestamp":"09:42:33"}
{"level":"info","message":"Método: POST Petición: /api/login","timestamp":"09:45:42"}
{"code":"07","message":"Contraseña del usuario incorrecta","level":"error","timestamp":"09:45:42"}
{"level":"info","message":"Método: POST Petición: /api/login","timestamp":"09:45:51"}
{"level":"info","message":"Método: POST Petición: /api/login","timestamp":"09:46:18"}
{"level":"info","message":"Método: POST Petición: /api/login","timestamp":"09:49:13"}
{"level":"info","message":"Método: POST Petición: /api/login","timestamp":"10:11:12"}
{"level":"info","message":"Método: POST Petición: /api/login","timestamp":"10:30:28"}
{"level":"info","message":"Método: POST Petición: /api/login","timestamp":"10:32:00"}
{"level":"info","message":"Método: POST Petición: /api/login","timestamp":"10:33:20"}
{"level":"info","message":"Método: POST Petición: /api/login","timestamp":"10:37:17"}
{"level":"info","message":"Método: POST Petición: /api/login","timestamp":"10:45:34"}
{"level":"info","message":"Método: POST Petición: /api/login","timestamp":"10:46:17"}
{"level":"info","message":"Método: POST Petición: /api/login","timestamp":"12:45:23"}
{"level":"info","message":"Método: POST Petición: /api/login","timestamp":"09:26:12"}
{"level":"info","message":"Método: POST Petición: /api/login","timestamp":"09:34:19"}
{"level":"info","message":"Método: POST Petición: /api/login","timestamp":"09:39:48"}
{"level":"info","message":"Método: POST Petición: /api/login","timestamp":"10:01:19"}
{"level":"info","message":"Método: POST Petición: /api/login","timestamp":"10:01:49"}
{"level":"info","message":"Método: POST Petición: /api/login","timestamp":"10:01:50"}
{"level":"info","message":"Método: POST Petición: /api/login","timestamp":"10:01:50"}
{"level":"info","message":"Método: POST Petición: /api/login","timestamp":"10:01:51"}
{"level":"info","message":"Método: POST Petición: /api/login","timestamp":"10:02:50"}
{"level":"info","message":"Método: POST Petición: /api/login","timestamp":"10:03:37"}
{"level":"info","message":"Método: POST Petición: /api/login","timestamp":"10:07:29"}
{"level":"info","message":"Método: POST Petición: /api/login","timestamp":"10:10:18"}
{"level":"info","message":"Método: POST Petición: /api/login","timestamp":"10:12:18"}
{"level":"info","message":"Método: POST Petición: /api/login","timestamp":"10:19:10"}
{"level":"info","message":"Método: POST Petición: /api/login","timestamp":"10:21:22"}
{"level":"info","message":"Método: POST Petición: /api/login","timestamp":"10:22:24"}
{"level":"info","message":"Método: POST Petición: /api/login","timestamp":"10:31:27"}
{"level":"info","message":"Método: POST Petición: /api/login","timestamp":"11:16:05"}
{"level":"info","message":"Método: POST Petición: /api/login","timestamp":"11:26:44"}
{"level":"info","message":"Método: POST Petición: /api/login","timestamp":"11:27:37"}

{"level":"info","message":"Método: POST Petición: /api/login","timestamp":"11:36:43"}
{"level":"info","message":"Método: POST Petición: /api/login","timestamp":"11:39:08"}
{"level":"info","message":"Método: POST Petición: /api/login","timestamp":"12:16:23"}
{"level":"info","message":"Método: POST Petición: /api/login","timestamp":"12:25:07"}
{"level":"info","message":"Método: POST Petición: /api/login","timestamp":"12:32:01"}
{"level":"info","message":"Método: POST Petición: /api/login","timestamp":"12:32:49"}
{"level":"info","message":"Método: POST Petición: /api/login","timestamp":"12:45:24"}
{"level":"info","message":"Método: POST Petición: /api/login","timestamp":"12:46:10"}
{"level":"info","message":"Método: POST Petición: /api/login","timestamp":"12:46:32"}
{"level":"info","message":"Método: POST Petición: /api/login","timestamp":"12:54:51"}
{"level":"info","message":"Método: POST Petición: /api/login","timestamp":"12:55:08"}
{"level":"info","message":"Método: POST Petición: /api/login","timestamp":"13:12:02"}
{"level":"info","message":"Método: POST Petición: /api/login","timestamp":"10:02:37"}
{"level":"info","message":"Método: POST Petición: /api/login","timestamp":"10:02:38"}
{"level":"info","message":"Método: POST Petición: /api/login","timestamp":"10:02:38"}
{"level":"info","message":"Método: POST Petición: /api/login","timestamp":"10:02:38"}
{"level":"info","message":"Método: POST Petición: /api/login","timestamp":"10:02:38"}
{"level":"info","message":"Método: POST Petición: /api/login","timestamp":"10:02:42"}
{"level":"info","message":"Método: POST Petición: /api/login","timestamp":"10:03:39"}
{"level":"info","message":"Método: POST Petición: /api/login","timestamp":"10:03:40"}
{"level":"info","message":"Método: POST Petición: /api/login","timestamp":"10:03:40"}
{"level":"info","message":"Método: POST Petición: /api/login","timestamp":"10:03:40"}
{"level":"info","message":"Método: POST Petición: /api/login","timestamp":"10:04:20"}
{"level":"info","message":"Método: POST Petición: /api/login","timestamp":"10:04:20"}
{"level":"info","message":"Método: POST Petición: /api/login","timestamp":"10:05:39"}
{"level":"info","message":"Método: POST Petición: /api/login","timestamp":"10:05:40"}
{"level":"info","message":"Método: POST Petición: /api/login","timestamp":"10:05:40"}
{"level":"info","message":"Método: POST Petición: /api/login","timestamp":"10:05:40"}
{"level":"info","message":"Método: POST Petición: /api/login","timestamp":"10:06:20"}
{"level":"info","message":"Método: POST Petición: /api/login","timestamp":"10:06:20"}
{"level":"info","message":"Método: POST Petición: /api/login","timestamp":"10:07:30"}
{"level":"info","message":"Método: POST Petición: /api/login","timestamp":"10:09:10"}
{"level":"info","message":"Método: POST Petición: /api/login","timestamp":"10:11:20"}
{"level":"info","message":"Método: POST Petición: /api/login","timestamp":"17:07:53"}
{"code":"07","message":"Contraseña del usuario incorrecta","level":"error","timestamp":"17:07:53"}
{"level":"info","message":"Método: POST Petición: /api/login","timestamp":"08:37:44"}
{"level":"info","message":"Método: POST Petición: /api/login","timestamp":"08:40:06"}
{"level":"info","message":"Método: POST Petición: /api/login","timestamp":"08:43:07"}
{"level":"info","message":"Método: POST Petición: /api/login","timestamp":"08:55:05"}
{"level":"info","message":"Método: POST Petición: /api/login","timestamp":"08:57:43"}
{"level":"info","message":"Método: POST Petición: /api/login","timestamp":"08:58:26"}
{"level":"info","message":"Método: POST Petición: /api/login","timestamp":"08:59:01"}
{"level":"info","message":"Método: POST Petición: /api/login","timestamp":"08:59:41"}
{"level":"info","message":"Método: POST Petición: /api/login","timestamp":"09:57:19"}
{"level":"info","message":"Método: POST Petición: /api/login","timestamp":"10:04:00"}
{"level":"info","message":"Método: POST Petición: /api/login","timestamp":"10:36:47"}
{"level":"info","message":"Método: POST Petición: /api/login","timestamp":"10:38:49"}
{"level":"info","message":"Método: POST Petición: /api/login","timestamp":"10:46:04"}
{"level":"info","message":"Método: POST Petición: /api/login","timestamp":"10:57:48"}
{"level":"info","message":"Método: POST Petición: /api/login","timestamp":"10:59:06"}
{"level":"info","message":"Método: POST Petición: /api/login","timestamp":"11:00:47"}
{"level":"info","message":"Método: POST Petición: /api/login","timestamp":"11:02:50"}
{"level":"info","message":"Método: POST Petición: /api/login","timestamp":"11:05:56"}
{"level":"info","message":"Método: POST Petición: /api/login","timestamp":"11:07:17"}
{"level":"info","message":"Método: POST Petición: /api/login","timestamp":"11:10:30"}
{"level":"info","message":"Método: POST Petición: /api/login","timestamp":"11:11:15"}
{"level":"info","message":"Método: POST Petición: /api/login","timestamp":"11:20:35"}
{"level":"info","message":"Método: POST Petición: /api/login","timestamp":"11:21:32"}
{"level":"info","message":"Método: POST Petición: /api/login","timestamp":"11:22:06"}
{"level":"info","message":"Método: POST Petición: /api/login","timestamp":"11:59:46"}
{"level":"info","message":"Método: POST Petición: /api/login","timestamp":"16:09:46"}
{"level":"info","message":"Método: POST Petición: /api/login","timestamp":"16:49:44"}
{"level":"info","message":"Método: POST Petición: /api/login","timestamp":"16:54:50"}
{"level":"info","message":"Método: POST Petición: /api/login","timestamp":"08:24:29"}
{"level":"info","message":"Método: POST Petición: /api/login","timestamp":"08:26:46"}
{"level":"info","message":"Método: POST Petición: /api/login","timestamp":"09:12:50"}
{"level":"info","message":"Método: POST Petición: /api/login","timestamp":"15:23:02"}
{"level":"info","message":"Método: POST Petición: /api/login","timestamp":"16:38:06"}
{"level":"info","message":"Método: POST Petición: /api/login","timestamp":"08:02:29"}
{"level":"info","message":"Método: POST Petición: /api/login","timestamp":"09:51:50"}
{"level":"info","message":"Método: POST Petición: /api/login","timestamp":"09:54:58"}
{"level":"info","message":"Método: POST Petición: /api/login","timestamp":"15:24:51"}
{"level":"info","message":"Método: POST Petición: /api/login","timestamp":"16:15:55"}
{"level":"info","message":"Método: POST Petición: /api/login","timestamp":"16:21:58"}
{"level":"info","message":"Método: POST Petición: /api/login","timestamp":"17:07:36"}
{"level":"info","message":"Método: POST Petición: /api/login","timestamp":"14:33:33"}
{"level":"info","message":"Método: POST Petición: /api/login","timestamp":"15:01:26"}
{"level":"info","message":"Método: POST Petición: /api/login","timestamp":"15:13:46"}
{"level":"info","message":"Método: POST Petición: /api/login","timestamp":"16:07:45"}
{"level":"info","message":"Método: POST Petición: /api/login","timestamp":"16:44:56"}
{"level":"info","message":"Método: POST Petición: /api/login","timestamp":"17:08:37"}
{"level":"info","message":"Método: POST Petición: /api/login","timestamp":"08:37:10"}
{"level":"info","message":"Método: POST Petición: /api/login","timestamp":"13:34:28"}
{"level":"info","message":"Método: POST Petición: /api/login","timestamp":"14:08:23"}
{"level":"info","message":"Método: POST Petición: /api/login","timestamp":"14:35:44"}
{"level":"info","message":"Método: POST Petición: /api/login","timestamp":"15:36:28"}
{"level":"info","message":"Método: POST Petición: /api/login","timestamp":"08:46:42"}
{"code":"07","message":"Contraseña del usuario incorrecta","level":"error","timestamp":"08:46:42"}
{"level":"info","message":"Método: POST Petición: /api/login","timestamp":"08:46:48"}
{"level":"info","message":"Método: POST Petición: /api/login","timestamp":"08:46:50"}
{"level":"info","message":"Método: POST Petición: /api/login","timestamp":"14:23:12"}
{"level":"info","message":"Método: POST Petición: /api/login","timestamp":"16:31:36"}
{"level":"info","message":"Método: POST Petición: /api/login","timestamp":"08:36:55"}
{"level":"info","message":"Método: POST Petición: /api/login","timestamp":"13:44:45"}
{"level":"info","message":"Método: POST Petición: /api/login","timestamp":"08:03:04"}
{"level":"info","message":"Método: POST Petición: /api/login","timestamp":"08:34:11"}
{"level":"info","message":"Método: POST Petición: /api/login","timestamp":"08:40:39"}
{"level":"info","message":"Método: POST Petición: /api/login","timestamp":"10:13:38"}
{"level":"info","message":"Método: POST Petición: /api/login","timestamp":"10:16:38"}
{"level":"info","message":"Método: POST Petición: /api/login","timestamp":"11:29:26"}
{"level":"info","message":"Método: POST Petición: /api/login","timestamp":"11:41:19"}
{"code":"07","message":"Contraseña del usuario incorrecta","level":"error","timestamp":"11:41:20"}
{"level":"info","message":"Método: POST Petición: /api/login","timestamp":"11:41:27"}
{"level":"info","message":"Método: POST Petición: /api/login","timestamp":"13:27:22"}
{"level":"info","message":"Método: POST Petición: /api/login","timestamp":"09:57:44"}
{"level":"info","message":"Método: POST Petición: /api/login","timestamp":"12:50:30"}
{"level":"info","message":"Método: POST Petición: /api/login","timestamp":"13:25:37"}
{"level":"info","message":"Método: POST Petición: /api/login","timestamp":"14:34:53"}
{"level":"info","message":"Método: POST Petición: /api/login","timestamp":"15:54:16"}
{"level":"info","message":"Método: POST Petición: /api/login","timestamp":"16:16:03"}
{"level":"info","message":"Método: POST Petición: /api/login","timestamp":"16:16:12"}
{"level":"info","message":"Método: POST Petición: /api/login","timestamp":"16:43:47"}
{"code":"09","message":"El usuario no se encuentra registrado","level":"error","timestamp":"16:43:47"}
{"level":"info","message":"Método: POST Petición: /api/login","timestamp":"16:44:01"}
{"level":"info","message":"Método: POST Petición: /api/login","timestamp":"07:42:19"}
{"level":"info","message":"Método: POST Petición: /api/login","timestamp":"07:42:20"}
{"level":"info","message":"Método: POST Petición: /api/login","timestamp":"07:42:21"}
{"level":"info","message":"Método: POST Petición: /api/login","timestamp":"08:17:09"}
{"level":"info","message":"Método: POST Petición: /api/login","timestamp":"08:35:26"}
{"level":"info","message":"Método: POST Petición: /api/login","timestamp":"09:39:35"}
{"level":"info","message":"Método: POST Petición: /api/login","timestamp":"09:56:23"}
{"level":"info","message":"Método: POST Petición: /api/login","timestamp":"11:05:22"}
{"level":"info","message":"Método: POST Petición: /api/login","timestamp":"11:28:08"}
{"level":"info","message":"Método: POST Petición: /api/login","timestamp":"11:07:12"}
{"level":"info","message":"Método: POST Petición: /api/login","timestamp":"11:15:55"}
{"code":"02","message":"Nombre de usuario o contraseña del usuario no ingresados","level":"error","timestamp":"11:15:55"}
{"level":"info","message":"Método: POST Petición: /api/login","timestamp":"11:16:13"}
{"level":"info","message":"Método: POST Petición: /api/login","timestamp":"11:31:35"}
{"level":"info","message":"Método: POST Petición: /api/login","timestamp":"13:55:15"}
{"level":"info","message":"Método: POST Petición: /api/login","timestamp":"14:15:46"}
{"level":"info","message":"Método: POST Petición: /api/login","timestamp":"14:46:42"}
{"level":"info","message":"Método: POST Petición: /api/login","timestamp":"08:23:38"}
{"level":"info","message":"Método: POST Petición: /api/login","timestamp":"09:43:26"}
{"level":"info","message":"Método: POST Petición: /api/login","timestamp":"12:28:38"}
{"level":"info","message":"Método: POST Petición: /api/login","timestamp":"12:28:39"}
{"level":"info","message":"Método: POST Petición: /api/login","timestamp":"12:28:40"}
{"level":"info","message":"Método: POST Petición: /api/login","timestamp":"12:28:41"}
{"level":"info","message":"Método: POST Petición: /api/login","timestamp":"12:30:44"}
{"level":"info","message":"Método: POST Petición: /api/login","timestamp":"12:30:44"}
{"level":"info","message":"Método: POST Petición: /api/login","timestamp":"12:53:50"}
{"level":"info","message":"Método: POST Petición: /api/login","timestamp":"12:54:10"}
{"level":"info","message":"Método: POST Petición: /api/login","timestamp":"13:55:52"}
{"level":"info","message":"Método: POST Petición: /api/login","timestamp":"15:04:49"}
{"level":"info","message":"Método: POST Petición: /api/login","timestamp":"15:05:45"}
{"level":"info","message":"Método: POST Petición: /api/login","timestamp":"15:08:51"}
{"level":"info","message":"Método: POST Petición: /api/login","timestamp":"06:41:57"}
{"level":"info","message":"Método: POST Petición: /api/login","timestamp":"06:42:00"}
{"level":"info","message":"Método: POST Petición: /api/login","timestamp":"09:06:40"}
{"level":"info","message":"Método: POST Petición: /api/login","timestamp":"14:09:05"}
{"level":"info","message":"Método: POST Petición: /api/login","timestamp":"14:54:28"}
{"level":"info","message":"Método: POST Petición: /api/login","timestamp":"08:54:55"}
{"level":"info","message":"Método: POST Petición: /api/login","timestamp":"14:08:33"}
{"level":"info","message":"Método: POST Petición: /api/login","timestamp":"08:37:39"}
{"level":"info","message":"Método: POST Petición: /api/login","timestamp":"10:13:53"}
{"level":"info","message":"Método: POST Petición: /api/login","timestamp":"10:20:36"}
{"level":"info","message":"Método: POST Petición: /api/login","timestamp":"10:24:31"}
{"level":"info","message":"Método: POST Petición: /api/login","timestamp":"10:38:31"}
{"level":"info","message":"Método: POST Petición: /api/login","timestamp":"11:04:20"}
{"level":"info","message":"Método: POST Petición: /api/login","timestamp":"11:05:04"}
{"level":"info","message":"Método: POST Petición: /api/login","timestamp":"16:19:26"}
{"level":"info","message":"Método: POST Petición: /api/login","timestamp":"08:34:46"}
{"level":"info","message":"Método: POST Petición: /api/login","timestamp":"13:42:45"}
{"level":"info","message":"Método: POST Petición: /api/login","timestamp":"08:09:27"}
{"level":"info","message":"Método: POST Petición: /api/login","timestamp":"08:26:36"}
{"level":"info","message":"Método: POST Petición: /api/login","timestamp":"09:07:46"}
{"level":"info","message":"Método: POST Petición: /api/login","timestamp":"09:49:00"}
{"level":"info","message":"Método: POST Petición: /api/login","timestamp":"11:08:20"}
{"level":"info","message":"Método: POST Petición: /api/login","timestamp":"11:25:00"}
{"level":"info","message":"Método: POST Petición: /api/login","timestamp":"11:34:29"}
{"level":"info","message":"Método: POST Petición: /api/login","timestamp":"13:03:13"}
{"level":"info","message":"Método: POST Petición: /api/login","timestamp":"13:05:32"}
{"level":"info","message":"Método: POST Petición: /api/login","timestamp":"14:05:16"}
{"level":"info","message":"Método: POST Petición: /api/login","timestamp":"14:50:43"}
{"level":"info","message":"Método: POST Petición: /api/login","timestamp":"10:35:15"}
{"level":"info","message":"Método: POST Petición: /api/login","timestamp":"11:24:40"}
{"level":"info","message":"Método: POST Petición: /api/login","timestamp":"08:40:16"}
{"level":"info","message":"Método: POST Petición: /api/login","timestamp":"08:30:14"}
{"level":"info","message":"Método: POST Petición: /api/login","timestamp":"14:00:15"}
{"level":"info","message":"Método: POST Petición: /api/login","timestamp":"10:20:30"}
{"level":"error","message":"<!DOCTYPE HTML PUBLIC \"-//IETF//DTD HTML 2.0//EN\">\n<html><head>\n<title>400 Bad Request</title>\n</head><body>\n<h1>Bad Request</h1>\n<p>Your browser sent a request that this server could not understand.<br />\n</p>\n<hr>\n<address>Apache/2.4.18 (Ubuntu) Server at localhost Port 80</address>\n</body></html>\n","timestamp":"10:20:30"}
{"level":"info","message":"Método: POST Petición: /api/login","timestamp":"10:23:29"}
{"level":"error","message":"<!DOCTYPE HTML PUBLIC \"-//IETF//DTD HTML 2.0//EN\">\n<html><head>\n<title>400 Bad Request</title>\n</head><body>\n<h1>Bad Request</h1>\n<p>Your browser sent a request that this server could not understand.<br />\n</p>\n<hr>\n<address>Apache/2.4.18 (Ubuntu) Server at localhost Port 80</address>\n</body></html>\n","timestamp":"10:23:29"}
{"level":"info","message":"Método: POST Petición: /api/login","timestamp":"10:23:40"}
{"level":"error","message":"<!DOCTYPE HTML PUBLIC \"-//IETF//DTD HTML 2.0//EN\">\n<html><head>\n<title>400 Bad Request</title>\n</head><body>\n<h1>Bad Request</h1>\n<p>Your browser sent a request that this server could not understand.<br />\n</p>\n<hr>\n<address>Apache/2.4.18 (Ubuntu) Server at localhost Port 80</address>\n</body></html>\n","timestamp":"10:23:40"}
{"level":"info","message":"Método: POST Petición: /api/login","timestamp":"10:34:03"}
{"level":"error","message":"<!DOCTYPE HTML PUBLIC \"-//IETF//DTD HTML 2.0//EN\">\n<html><head>\n<title>400 Bad Request</title>\n</head><body>\n<h1>Bad Request</h1>\n<p>Your browser sent a request that this server could not understand.<br />\n</p>\n<hr>\n<address>Apache/2.4.18 (Ubuntu) Server at localhost Port 80</address>\n</body></html>\n","timestamp":"10:34:03"}
{"level":"info","message":"Método: POST Petición: /api/login","timestamp":"10:34:22"}
{"level":"error","message":"<!DOCTYPE HTML PUBLIC \"-//IETF//DTD HTML 2.0//EN\">\n<html><head>\n<title>400 Bad Request</title>\n</head><body>\n<h1>Bad Request</h1>\n<p>Your browser sent a request that this server could not understand.<br />\n</p>\n<hr>\n<address>Apache/2.4.18 (Ubuntu) Server at localhost Port 80</address>\n</body></html>\n","timestamp":"10:34:22"}
{"level":"info","message":"Método: POST Petición: /api/login","timestamp":"10:44:29"}
{"level":"info","message":"Método: POST Petición: /api/login","timestamp":"10:46:29"}
{"level":"info","message":"Método: POST Petición: /api/login","timestamp":"10:49:18"}
{"level":"error","message":"<!DOCTYPE html>\n<html lang=\"en\">\n<head>\n<meta charset=\"utf-8\">\n<title>Error</title>\n</head>\n<body>\n<pre>Cannot POST /api//api/login</pre>\n</body>\n</html>\n","timestamp":"10:49:18"}
{"level":"info","message":"Método: POST Petición: /api/login","timestamp":"10:49:35"}
{"level":"error","message":"<!DOCTYPE html>\n<html lang=\"en\">\n<head>\n<meta charset=\"utf-8\">\n<title>Error</title>\n</head>\n<body>\n<pre>Cannot POST /api//api/login</pre>\n</body>\n</html>\n","timestamp":"10:49:35"}
{"level":"info","message":"Método: POST Petición: /api/login","timestamp":"10:57:18"}
{"level":"info","message":"Método: POST Petición: /api/login","timestamp":"11:33:57"}
{"level":"info","message":"Método: POST Petición: /api/login","timestamp":"13:34:33"}
{"level":"info","message":"Método: POST Petición: /api/login","timestamp":"16:34:07"}
{"level":"info","message":"Método: POST Petición: /api/login","timestamp":"08:14:41"}
{"level":"info","message":"Método: POST Petición: /api/login","timestamp":"08:27:39"}
{"level":"info","message":"Método: POST Petición: /api/login","timestamp":"08:28:25"}
{"level":"info","message":"Método: POST Petición: /api/login","timestamp":"08:30:06"}
{"level":"info","message":"Método: POST Petición: /api/login","timestamp":"08:34:45"}
{"level":"info","message":"Método: POST Petición: /api/login","timestamp":"11:43:24"}
{"level":"info","message":"Método: POST Petición: /api/login","timestamp":"13:37:37"}
{"level":"info","message":"Método: POST Petición: /api/login","timestamp":"13:37:41"}
{"level":"info","message":"Método: POST Petición: /api/login","timestamp":"13:38:27"}
{"level":"info","message":"Método: POST Petición: /api/login","timestamp":"13:40:02"}
{"level":"info","message":"Método: POST Petición: /api/login","timestamp":"13:40:04"}
{"level":"info","message":"Método: POST Petición: /api/login","timestamp":"13:40:23"}
{"level":"info","message":"Método: POST Petición: /api/login","timestamp":"13:40:27"}
{"level":"info","message":"Método: POST Petición: /api/login","timestamp":"13:41:07"}
{"level":"info","message":"Método: POST Petición: /api/login","timestamp":"13:41:37"}
{"level":"info","message":"Método: POST Petición: /api/login","timestamp":"13:43:07"}
{"level":"info","message":"Método: POST Petición: /api/login","timestamp":"13:44:53"}
{"level":"info","message":"Método: POST Petición: /api/login","timestamp":"16:43:11"}
{"level":"info","message":"Método: POST Petición: /api/login","timestamp":"08:20:44"}
{"level":"info","message":"Método: POST Petición: /api/login","timestamp":"13:24:21"}
{"level":"info","message":"Método: POST Petición: /api/login","timestamp":"15:15:43"}
{"code":"07","message":"Contraseña del usuario incorrecta","level":"error","timestamp":"15:15:43"}
{"level":"info","message":"Método: POST Petición: /api/login","timestamp":"15:15:45"}
{"code":"07","message":"Contraseña del usuario incorrecta","level":"error","timestamp":"15:15:46"}
{"level":"info","message":"Método: POST Petición: /api/login","timestamp":"15:15:51"}
{"level":"info","message":"Método: POST Petición: /api/login","timestamp":"08:23:17"}
{"level":"info","message":"Método: POST Petición: /api/login","timestamp":"14:32:19"}
{"level":"info","message":"Método: POST Petición: /api/login","timestamp":"14:33:23"}
{"code":"07","message":"Contraseña del usuario incorrecta","level":"error","timestamp":"14:33:23"}
{"level":"info","message":"Método: POST Petición: /api/login","timestamp":"14:33:26"}
{"level":"info","message":"Método: POST Petición: /api/login","timestamp":"08:18:42"}
{"level":"info","message":"Método: POST Petición: /api/login","timestamp":"08:18:44"}
{"level":"info","message":"Método: POST Petición: /api/login","timestamp":"13:49:31"}
{"level":"info","message":"Método: POST Petición: /api/login","timestamp":"14:02:58"}
{"level":"info","message":"Método: POST Petición: /api/login","timestamp":"08:28:12"}
{"level":"info","message":"Método: POST Petición: /api/login","timestamp":"13:36:26"}
{"level":"info","message":"Método: POST Petición: /api/login","timestamp":"08:31:05"}
{"level":"info","message":"Método: POST Petición: /api/login","timestamp":"13:41:47"}
{"level":"info","message":"Método: POST Petición: /api/login","timestamp":"08:10:31"}
{"level":"info","message":"Método: POST Petición: /api/login","timestamp":"13:10:39"}
{"level":"info","message":"Método: POST Petición: /api/login","timestamp":"08:23:35"}
{"level":"info","message":"Método: POST Petición: /api/login","timestamp":"08:23:36"}
{"level":"info","message":"Método: POST Petición: /api/login","timestamp":"13:24:11"}
{"level":"info","message":"Método: POST Petición: /api/login","timestamp":"15:52:40"}
{"level":"info","message":"Método: POST Petición: /api/login","timestamp":"08:28:24"}
{"level":"info","message":"Método: POST Petición: /api/login","timestamp":"08:28:26"}
{"level":"info","message":"Método: POST Petición: /api/login","timestamp":"13:30:29"}
{"level":"info","message":"Método: POST Petición: /api/login","timestamp":"14:44:05"}
{"code":"09","message":"El usuario no se encuentra registrado","level":"error","timestamp":"14:44:05"}
{"level":"info","message":"Método: POST Petición: /api/login","timestamp":"14:44:07"}
{"code":"09","message":"El usuario no se encuentra registrado","level":"error","timestamp":"14:44:07"}
{"level":"info","message":"Método: POST Petición: /api/login","timestamp":"14:44:15"}
{"level":"info","message":"Método: POST Petición: /api/login","timestamp":"08:29:00"}
{"level":"info","message":"Método: POST Petición: /api/login","timestamp":"08:29:02"}
{"level":"info","message":"Método: POST Petición: /api/login","timestamp":"13:44:23"}
{"level":"info","message":"Método: POST Petición: /api/login","timestamp":"08:31:19"}
{"level":"info","message":"Método: POST Petición: /api/login","timestamp":"11:28:15"}
{"level":"info","message":"Método: POST Petición: /api/login","timestamp":"11:28:16"}
{"level":"info","message":"Método: POST Petición: /api/login","timestamp":"11:28:19"}
{"level":"info","message":"Método: POST Petición: /api/login","timestamp":"11:28:19"}
{"level":"info","message":"Método: POST Petición: /api/login","timestamp":"11:28:19"}
{"level":"info","message":"Método: POST Petición: /api/login","timestamp":"11:28:19"}
{"level":"info","message":"Método: POST Petición: /api/login","timestamp":"11:28:40"}
{"level":"info","message":"Método: POST Petición: /api/login","timestamp":"11:28:40"}
{"level":"info","message":"Método: POST Petición: /api/login","timestamp":"11:28:40"}
{"level":"info","message":"Método: POST Petición: /api/login","timestamp":"11:28:51"}
{"level":"info","message":"Método: POST Petición: /api/login","timestamp":"11:29:04"}
{"level":"info","message":"Método: POST Petición: /api/login","timestamp":"11:29:11"}
{"level":"info","message":"Método: POST Petición: /api/login","timestamp":"11:29:12"}
{"level":"info","message":"Método: POST Petición: /api/login","timestamp":"11:29:12"}
{"level":"info","message":"Método: POST Petición: /api/login","timestamp":"11:29:13"}
{"level":"info","message":"Método: POST Petición: /api/login","timestamp":"11:29:13"}
{"level":"info","message":"Método: POST Petición: /api/login","timestamp":"11:29:13"}
{"level":"info","message":"Método: POST Petición: /api/login","timestamp":"11:29:44"}
{"level":"info","message":"Método: POST Petición: /api/login","timestamp":"11:29:45"}
{"level":"info","message":"Método: POST Petición: /api/login","timestamp":"11:29:46"}
{"level":"info","message":"Método: POST Petición: /api/login","timestamp":"11:29:46"}
{"level":"info","message":"Método: POST Petición: /api/login","timestamp":"11:29:46"}
{"level":"info","message":"Método: POST Petición: /api/login","timestamp":"11:29:46"}
{"level":"info","message":"Método: POST Petición: /api/login","timestamp":"11:30:15"}
{"level":"info","message":"Método: POST Petición: /api/login","timestamp":"11:30:15"}
{"level":"info","message":"Método: POST Petición: /api/login","timestamp":"11:30:16"}
{"level":"info","message":"Método: POST Petición: /api/login","timestamp":"11:30:19"}
{"level":"info","message":"Método: POST Petición: /api/login","timestamp":"11:30:19"}
{"level":"info","message":"Método: POST Petición: /api/login","timestamp":"11:30:19"}
{"level":"info","message":"Método: POST Petición: /api/login","timestamp":"11:30:19"}
{"level":"info","message":"Método: POST Petición: /api/login","timestamp":"11:30:20"}
{"level":"info","message":"Método: POST Petición: /api/login","timestamp":"11:31:02"}
{"level":"info","message":"Método: POST Petición: /api/login","timestamp":"11:31:05"}
{"level":"info","message":"Método: POST Petición: /api/login","timestamp":"11:31:05"}
{"level":"info","message":"Método: POST Petición: /api/login","timestamp":"11:31:05"}
{"level":"info","message":"Método: POST Petición: /api/login","timestamp":"11:31:11"}
{"level":"info","message":"Método: POST Petición: /api/login","timestamp":"11:31:11"}
{"level":"info","message":"Método: POST Petición: /api/login","timestamp":"11:31:12"}
{"level":"info","message":"Método: POST Petición: /api/login","timestamp":"11:31:12"}
{"level":"info","message":"Método: POST Petición: /api/login","timestamp":"11:31:13"}
{"level":"info","message":"Método: POST Petición: /api/login","timestamp":"11:31:13"}
{"level":"info","message":"Método: POST Petición: /api/login","timestamp":"11:31:13"}
{"level":"info","message":"Método: POST Petición: /api/login","timestamp":"11:31:13"}
{"level":"info","message":"Método: POST Petición: /api/login","timestamp":"11:31:14"}
{"level":"info","message":"Método: POST Petición: /api/login","timestamp":"11:31:15"}
{"level":"info","message":"Método: POST Petición: /api/login","timestamp":"11:31:15"}
{"level":"info","message":"Método: POST Petición: /api/login","timestamp":"11:31:15"}
{"level":"info","message":"Método: POST Petición: /api/login","timestamp":"11:32:15"}
{"level":"info","message":"Método: POST Petición: /api/login","timestamp":"11:32:15"}
{"level":"info","message":"Método: POST Petición: /api/login","timestamp":"11:32:17"}
{"level":"info","message":"Método: POST Petición: /api/login","timestamp":"11:32:17"}
{"level":"info","message":"Método: POST Petición: /api/login","timestamp":"11:32:17"}
{"level":"info","message":"Método: POST Petición: /api/login","timestamp":"11:32:17"}
{"level":"info","message":"Método: POST Petición: /api/login","timestamp":"11:32:18"}
{"level":"info","message":"Método: POST Petición: /api/login","timestamp":"11:32:18"}
{"level":"info","message":"Método: POST Petición: /api/login","timestamp":"11:32:18"}
{"level":"info","message":"Método: POST Petición: /api/login","timestamp":"11:32:18"}
{"level":"info","message":"Método: POST Petición: /api/login","timestamp":"11:32:18"}
{"level":"info","message":"Método: POST Petición: /api/login","timestamp":"11:32:18"}
{"level":"info","message":"Método: POST Petición: /api/login","timestamp":"11:32:18"}
{"level":"info","message":"Método: POST Petición: /api/login","timestamp":"11:33:11"}
{"level":"info","message":"Método: POST Petición: /api/login","timestamp":"11:33:11"}
{"level":"info","message":"Método: POST Petición: /api/login","timestamp":"11:34:14"}
{"level":"info","message":"Método: POST Petición: /api/login","timestamp":"11:42:04"}
{"level":"info","message":"Método: POST Petición: /api/login","timestamp":"11:57:39"}
{"level":"info","message":"Método: POST Petición: /api/login","timestamp":"11:58:10"}
{"level":"info","message":"Método: POST Petición: /api/login","timestamp":"09:43:43"}
{"level":"error","message":"<!DOCTYPE HTML PUBLIC \"-//IETF//DTD HTML 2.0//EN\">\n<html><head>\n<title>400 Bad Request</title>\n</head><body>\n<h1>Bad Request</h1>\n<p>Your browser sent a request that this server could not understand.<br />\n</p>\n<hr>\n<address>Apache/2.4.18 (Ubuntu) Server at localhost Port 80</address>\n</body></html>\n","timestamp":"09:43:43"}
{"level":"info","message":"Método: POST Petición: /api/login","timestamp":"09:43:51"}
{"level":"error","message":"<!DOCTYPE HTML PUBLIC \"-//IETF//DTD HTML 2.0//EN\">\n<html><head>\n<title>400 Bad Request</title>\n</head><body>\n<h1>Bad Request</h1>\n<p>Your browser sent a request that this server could not understand.<br />\n</p>\n<hr>\n<address>Apache/2.4.18 (Ubuntu) Server at localhost Port 80</address>\n</body></html>\n","timestamp":"09:43:51"}
{"level":"info","message":"Método: POST Petición: /api/login","timestamp":"09:45:42"}
{"level":"error","message":"<!DOCTYPE HTML PUBLIC \"-//IETF//DTD HTML 2.0//EN\">\n<html><head>\n<title>400 Bad Request</title>\n</head><body>\n<h1>Bad Request</h1>\n<p>Your browser sent a request that this server could not understand.<br />\n</p>\n<hr>\n<address>Apache/2.4.18 (Ubuntu) Server at localhost Port 80</address>\n</body></html>\n","timestamp":"09:45:42"}
{"level":"info","message":"Método: POST Petición: /api/login","timestamp":"09:46:27"}
{"level":"error","message":"<!DOCTYPE HTML PUBLIC \"-//IETF//DTD HTML 2.0//EN\">\n<html><head>\n<title>400 Bad Request</title>\n</head><body>\n<h1>Bad Request</h1>\n<p>Your browser sent a request that this server could not understand.<br />\n</p>\n<hr>\n<address>Apache/2.4.18 (Ubuntu) Server at localhost Port 80</address>\n</body></html>\n","timestamp":"09:46:27"}
{"level":"info","message":"Método: POST Petición: /api/login","timestamp":"09:47:16"}
{"level":"error","message":"<!DOCTYPE HTML PUBLIC \"-//IETF//DTD HTML 2.0//EN\">\n<html><head>\n<title>400 Bad Request</title>\n</head><body>\n<h1>Bad Request</h1>\n<p>Your browser sent a request that this server could not understand.<br />\n</p>\n<hr>\n<address>Apache/2.4.18 (Ubuntu) Server at localhost Port 80</address>\n</body></html>\n","timestamp":"09:47:16"}
{"level":"info","message":"Método: POST Petición: /api/login","timestamp":"09:53:31"}
{"level":"error","message":"<!DOCTYPE HTML PUBLIC \"-//IETF//DTD HTML 2.0//EN\">\n<html><head>\n<title>400 Bad Request</title>\n</head><body>\n<h1>Bad Request</h1>\n<p>Your browser sent a request that this server could not understand.<br />\n</p>\n<hr>\n<address>Apache/2.4.18 (Ubuntu) Server at localhost Port 80</address>\n</body></html>\n","timestamp":"09:53:31"}
{"level":"info","message":"Método: POST Petición: /api/login","timestamp":"09:55:23"}
{"level":"error","message":"<!DOCTYPE HTML PUBLIC \"-//IETF//DTD HTML 2.0//EN\">\n<html><head>\n<title>400 Bad Request</title>\n</head><body>\n<h1>Bad Request</h1>\n<p>Your browser sent a request that this server could not understand.<br />\n</p>\n<hr>\n<address>Apache/2.4.18 (Ubuntu) Server at localhost Port 80</address>\n</body></html>\n","timestamp":"09:55:24"}
{"level":"info","message":"Método: POST Petición: /api/login","timestamp":"09:59:10"}
{"level":"error","message":"<!DOCTYPE HTML PUBLIC \"-//IETF//DTD HTML 2.0//EN\">\n<html><head>\n<title>400 Bad Request</title>\n</head><body>\n<h1>Bad Request</h1>\n<p>Your browser sent a request that this server could not understand.<br />\n</p>\n<hr>\n<address>Apache/2.4.18 (Ubuntu) Server at localhost Port 80</address>\n</body></html>\n","timestamp":"09:59:10"}
{"level":"info","message":"Método: POST Petición: /api/login","timestamp":"10:05:37"}
{"level":"error","message":"<!DOCTYPE HTML PUBLIC \"-//IETF//DTD HTML 2.0//EN\">\n<html><head>\n<title>400 Bad Request</title>\n</head><body>\n<h1>Bad Request</h1>\n<p>Your browser sent a request that this server could not understand.<br />\n</p>\n<hr>\n<address>Apache/2.4.18 (Ubuntu) Server at localhost Port 80</address>\n</body></html>\n","timestamp":"10:05:38"}
{"level":"info","message":"Método: POST Petición: /api/login","timestamp":"10:07:02"}
{"level":"error","message":"<!DOCTYPE HTML PUBLIC \"-//IETF//DTD HTML 2.0//EN\">\n<html><head>\n<title>400 Bad Request</title>\n</head><body>\n<h1>Bad Request</h1>\n<p>Your browser sent a request that this server could not understand.<br />\n</p>\n<hr>\n<address>Apache/2.4.18 (Ubuntu) Server at localhost Port 80</address>\n</body></html>\n","timestamp":"10:07:02"}
{"level":"info","message":"Método: POST Petición: /api/login","timestamp":"10:07:25"}
{"level":"error","message":"<!DOCTYPE HTML PUBLIC \"-//IETF//DTD HTML 2.0//EN\">\n<html><head>\n<title>400 Bad Request</title>\n</head><body>\n<h1>Bad Request</h1>\n<p>Your browser sent a request that this server could not understand.<br />\n</p>\n<hr>\n<address>Apache/2.4.18 (Ubuntu) Server at localhost Port 80</address>\n</body></html>\n","timestamp":"10:07:25"}
{"level":"info","message":"Método: POST Petición: /api/login","timestamp":"10:09:00"}
{"level":"error","message":"<!DOCTYPE HTML PUBLIC \"-//IETF//DTD HTML 2.0//EN\">\n<html><head>\n<title>400 Bad Request</title>\n</head><body>\n<h1>Bad Request</h1>\n<p>Your browser sent a request that this server could not understand.<br />\n</p>\n<hr>\n<address>Apache/2.4.18 (Ubuntu) Server at localhost Port 80</address>\n</body></html>\n","timestamp":"10:09:00"}
{"level":"info","message":"Método: POST Petición: /api/login","timestamp":"10:09:42"}
{"code":"08","message":"El sistema no se encuentra registrado","level":"error","timestamp":"10:09:42"}
{"level":"info","message":"Método: POST Petición: /api/login","timestamp":"10:10:10"}
{"code":"08","message":"El sistema no se encuentra registrado","level":"error","timestamp":"10:10:10"}
{"level":"info","message":"Método: POST Petición: /api/login","timestamp":"10:11:34"}
{"code":"08","message":"El sistema no se encuentra registrado","level":"error","timestamp":"10:11:34"}
{"level":"info","message":"Método: POST Petición: /api/login","timestamp":"10:11:52"}
{"code":"08","message":"El sistema no se encuentra registrado","level":"error","timestamp":"10:11:52"}
{"level":"info","message":"Método: POST Petición: /api/login","timestamp":"10:12:41"}
{"code":"08","message":"El sistema no se encuentra registrado","level":"error","timestamp":"10:12:41"}
{"level":"info","message":"Método: POST Petición: /api/login","timestamp":"10:12:50"}
{"code":"08","message":"El sistema no se encuentra registrado","level":"error","timestamp":"10:12:50"}
{"level":"info","message":"Método: POST Petición: /api/login","timestamp":"10:13:43"}
{"code":"08","message":"El sistema no se encuentra registrado","level":"error","timestamp":"10:13:43"}
{"level":"info","message":"Método: POST Petición: /api/login","timestamp":"10:14:48"}
{"code":"08","message":"El sistema no se encuentra registrado","level":"error","timestamp":"10:14:48"}
{"level":"info","message":"Método: POST Petición: /api/login","timestamp":"10:16:03"}
{"code":"08","message":"El sistema no se encuentra registrado","level":"error","timestamp":"10:16:03"}
{"level":"info","message":"Método: POST Petición: /api/login","timestamp":"10:16:23"}
{"code":"08","message":"El sistema no se encuentra registrado","level":"error","timestamp":"10:16:23"}
{"level":"info","message":"Método: POST Petición: /api/login","timestamp":"10:19:05"}
{"level":"info","message":"Método: POST Petición: /api/login","timestamp":"10:19:31"}
{"level":"info","message":"Método: POST Petición: /api/login","timestamp":"10:20:26"}
{"level":"info","message":"Método: POST Petición: /api/login","timestamp":"10:22:26"}
{"level":"info","message":"Método: POST Petición: /api/login","timestamp":"10:28:53"}
{"level":"info","message":"Método: POST Petición: /api/login","timestamp":"10:29:48"}
{"level":"info","message":"Método: POST Petición: /api/login","timestamp":"10:30:23"}
{"level":"info","message":"Método: POST Petición: /api/login","timestamp":"11:27:17"}
{"level":"info","message":"Método: POST Petición: /api/login","timestamp":"14:54:31"}
{"level":"info","message":"Método: POST Petición: /api/login","timestamp":"15:16:20"}
{"level":"info","message":"Método: POST Petición: /api/login","timestamp":"15:46:06"}
{"level":"info","message":"Método: POST Petición: /api/login","timestamp":"15:46:24"}
{"level":"info","message":"Método: POST Petición: /api/login","timestamp":"15:48:06"}
{"level":"info","message":"Método: POST Petición: /api/login","timestamp":"15:48:24"}
{"level":"info","message":"Método: POST Petición: /api/login","timestamp":"16:09:16"}
{"level":"info","message":"Método: POST Petición: /api/login","timestamp":"17:23:22"}
{"level":"info","message":"Método: POST Petición: /api/login","timestamp":"17:24:45"}
{"level":"info","message":"Método: POST Petición: /api/login","timestamp":"07:59:19"}
{"level":"info","message":"Método: POST Petición: /api/login","timestamp":"08:39:30"}
{"code":"07","message":"Contraseña del usuario incorrecta","level":"error","timestamp":"08:39:30"}
{"level":"info","message":"Método: POST Petición: /api/login","timestamp":"08:39:42"}
{"level":"info","message":"Método: POST Petición: /api/login","timestamp":"08:44:29"}
{"code":"07","message":"Contraseña del usuario incorrecta","level":"error","timestamp":"08:44:29"}
{"level":"info","message":"Método: POST Petición: /api/login","timestamp":"08:44:32"}
{"level":"info","message":"Método: POST Petición: /api/login","timestamp":"09:18:44"}
{"level":"info","message":"Método: POST Petición: /api/login","timestamp":"09:20:39"}
{"level":"info","message":"Método: POST Petición: /api/login","timestamp":"10:22:29"}
{"level":"info","message":"Método: POST Petición: /api/login","timestamp":"10:32:51"}
{"level":"info","message":"Método: POST Petición: /api/login","timestamp":"11:42:47"}
{"level":"info","message":"Método: POST Petición: /api/login","timestamp":"12:03:33"}
{"level":"info","message":"Método: POST Petición: /api/login","timestamp":"15:37:02"}
{"level":"info","message":"Método: POST Petición: /api/login","timestamp":"15:59:36"}
{"level":"info","message":"Método: POST Petición: /api/login","timestamp":"07:36:25"}
{"level":"info","message":"Método: POST Petición: /api/login","timestamp":"07:38:24"}
{"level":"info","message":"Método: POST Petición: /api/login","timestamp":"08:12:12"}
{"level":"info","message":"Método: POST Petición: /api/login","timestamp":"08:23:18"}
{"code":"07","message":"Contraseña del usuario incorrecta","level":"error","timestamp":"08:23:18"}
{"level":"info","message":"Método: POST Petición: /api/login","timestamp":"08:23:32"}
